<?xml version="1.0" encoding="UTF-8"?>
<!-- Generated by org.testng.reporters.JUnitReportReporter -->
<testsuite hostname="DESKTOP-KNGBJCJ" failures="0" tests="4" name="whenIWork.TestLoginAndSchedule" time="48.874" errors="0" timestamp="26 Jul 2018 03:05:14 GMT" skipped="0">
  <testcase classname="whenIWork.TestLoginAndSchedule" name="checkLoginTitle" time="7.404"/>
  <testcase classname="whenIWork.TestLoginAndSchedule" name="loginCorrectCredentials" time="13.196"/>
  <testcase classname="whenIWork.TestLoginAndSchedule" name="loginFaultyCredentials" time="7.302"/>
  <testcase classname="whenIWork.TestLoginAndSchedule" name="viewMySchedule" time="20.972"/>
</testsuite> <!-- whenIWork.TestLoginAndSchedule -->
