<?xml version="1.0" encoding="UTF-8"?>
<!-- Generated by org.testng.reporters.JUnitReportReporter -->
<testsuite hostname="DESKTOP-KNGBJCJ" failures="0" tests="4" name="whenIWork.TestLogin" time="40.615" errors="0" timestamp="26 Jul 2018 02:23:14 GMT" skipped="0">
  <testcase classname="whenIWork.TestLogin" name="checkLoginTitle" time="5.710"/>
  <testcase classname="whenIWork.TestLogin" name="loginCorrectCredentials" time="10.862"/>
  <testcase classname="whenIWork.TestLogin" name="loginFaultyCredentials" time="6.681"/>
  <testcase classname="whenIWork.TestLogin" name="viewMySchedule" time="17.362"/>
</testsuite> <!-- whenIWork.TestLogin -->
