<?xml version="1.0" encoding="UTF-8"?>
<!-- Generated by org.testng.reporters.JUnitReportReporter -->
<testsuite hostname="DESKTOP-KNGBJCJ" failures="0" tests="4" name="whenIWork.TestLoginAndSchedule" time="40.082" errors="0" timestamp="26 Jul 2018 02:24:57 GMT" skipped="0">
  <testcase classname="whenIWork.TestLoginAndSchedule" name="checkLoginTitle" time="5.885"/>
  <testcase classname="whenIWork.TestLoginAndSchedule" name="loginCorrectCredentials" time="10.909"/>
  <testcase classname="whenIWork.TestLoginAndSchedule" name="loginFaultyCredentials" time="6.718"/>
  <testcase classname="whenIWork.TestLoginAndSchedule" name="viewMySchedule" time="16.570"/>
</testsuite> <!-- whenIWork.TestLoginAndSchedule -->
