<?xml version="1.0" encoding="UTF-8"?>
<!-- Generated by org.testng.reporters.JUnitReportReporter -->
<testsuite hostname="DESKTOP-KNGBJCJ" failures="0" tests="1" name="whenIWork.TestLogin" time="15.642" errors="0" timestamp="26 Jul 2018 00:58:31 GMT" skipped="0">
  <testcase classname="whenIWork.TestLogin" name="viewMySchedule" time="15.642"/>
</testsuite> <!-- whenIWork.TestLogin -->
