<?xml version="1.0" encoding="UTF-8"?>
<!-- Generated by org.testng.reporters.JUnitReportReporter -->
<testsuite hostname="DESKTOP-KNGBJCJ" failures="0" tests="2" name="whenIWork.TestLogin" time="20.899" errors="0" timestamp="25 Jul 2018 04:18:50 GMT" skipped="0">
  <testcase classname="whenIWork.TestLogin" name="checkLoginTitle" time="10.277"/>
  <testcase classname="whenIWork.TestLogin" name="loginSuper" time="10.622"/>
</testsuite> <!-- whenIWork.TestLogin -->
